# JRE version: OpenJDK Runtime Environment Temurin-19.0.2+7 (19.0.2+7) (build 19.0.2+7)
# Java VM: OpenJDK 64-Bit Server VM Temurin-19.0.2+7 (19.0.2+7, mixed mode, tiered, compressed oops, compressed class ptrs, g1 gc, bsd-aarch64)
GC Precious Log:
 CardTable entry size: 512
 Card Set container configuration: InlinePtr #cards 4 size 8 Array Of Cards #cards 32 size 80 Howl #buckets 8 coarsen threshold 7372 Howl Bitmap #cards 1024 size 144 coarsen threshold 921 Card regions per heap region 1 cards per card region 8192
 CPUs: 10 total, 10 available
 Memory: 32768M
 Large Page Support: Disabled
 NUMA Support: Disabled
 Compressed Oops: Enabled (Zero based)
 Heap Region Size: 4M
 Heap Min Capacity: 8M
 Heap Initial Capacity: 512M
 Heap Max Capacity: 8G
 Pre-touch: Disabled
 Parallel Workers: 9
 Concurrent Workers: 2
 Concurrent Refinement Workers: 9
 Periodic GC: Disabled
Heap:
 garbage-first heap   total 49152K, used 24211K [0x0000000600000000, 0x0000000800000000)
  region size 4096K, 6 young (24576K), 1 survivors (4096K)
 Metaspace       used 25045K, committed 25344K, reserved 1114112K
  class space    used 2613K, committed 2752K, reserved 1048576K
GC Heap History (8 events):
Event: 4.704 GC heap before
{Heap before GC invocations=0 (full 0):
 garbage-first heap   total 524288K, used 24576K [0x0000000600000000, 0x0000000800000000)
  region size 4096K, 6 young (24576K), 0 survivors (0K)
 Metaspace       used 13505K, committed 13696K, reserved 1114112K
  class space    used 1288K, committed 1408K, reserved 1048576K
}
Event: 4.706 GC heap after
{Heap after GC invocations=1 (full 0):
 garbage-first heap   total 524288K, used 3539K [0x0000000600000000, 0x0000000800000000)
  region size 4096K, 1 young (4096K), 1 survivors (4096K)
 Metaspace       used 13505K, committed 13696K, reserved 1114112K
  class space    used 1288K, committed 1408K, reserved 1048576K
}
Event: 15.156 GC heap before
{Heap before GC invocations=1 (full 0):
 garbage-first heap   total 524288K, used 32211K [0x0000000600000000, 0x0000000800000000)
  region size 4096K, 9 young (36864K), 1 survivors (4096K)
 Metaspace       used 21318K, committed 21504K, reserved 1114112K
  class space    used 2282K, committed 2368K, reserved 1048576K
}
Event: 15.160 GC heap after
{Heap after GC invocations=2 (full 0):
 garbage-first heap   total 524288K, used 5752K [0x0000000600000000, 0x0000000800000000)
  region size 4096K, 2 young (8192K), 2 survivors (8192K)
 Metaspace       used 21318K, committed 21504K, reserved 1114112K
  class space    used 2282K, committed 2368K, reserved 1048576K
}
Event: 16.634 GC heap before
{Heap before GC invocations=3 (full 0):
 garbage-first heap   total 40960K, used 38520K [0x0000000600000000, 0x0000000800000000)
  region size 4096K, 10 young (40960K), 2 survivors (8192K)
 Metaspace       used 24402K, committed 24768K, reserved 1114112K
  class space    used 2575K, committed 2752K, reserved 1048576K
}
Event: 16.639 GC heap after
{Heap after GC invocations=4 (full 0):
 garbage-first heap   total 49152K, used 7721K [0x0000000600000000, 0x0000000800000000)
  region size 4096K, 2 young (8192K), 2 survivors (8192K)
 Metaspace       used 24402K, committed 24768K, reserved 1114112K
  class space    used 2575K, committed 2752K, reserved 1048576K
}
Event: 17.663 GC heap before
{Heap before GC invocations=4 (full 0):
 garbage-first heap   total 49152K, used 28201K [0x0000000600000000, 0x0000000800000000)
  region size 4096K, 7 young (28672K), 2 survivors (8192K)
 Metaspace       used 24863K, committed 25216K, reserved 1114112K
  class space    used 2605K, committed 2752K, reserved 1048576K
}
Event: 17.667 GC heap after
{Heap after GC invocations=5 (full 0):
 garbage-first heap   total 49152K, used 7827K [0x0000000600000000, 0x0000000800000000)
  region size 4096K, 1 young (4096K), 1 survivors (4096K)
 Metaspace       used 24863K, committed 25216K, reserved 1114112K
  class space    used 2605K, committed 2752K, reserved 1048576K
}

