# JRE version: OpenJDK Runtime Environment Corretto-17.0.5.8.1 (17.0.5+8) (build 17.0.5+8-LTS)
# Java VM: OpenJDK 64-Bit Server VM Corretto-17.0.5.8.1 (17.0.5+8-LTS, mixed mode, sharing, tiered, compressed oops, compressed class ptrs, g1 gc, bsd-aarch64)
GC Precious Log:
 CPUs: 10 total, 10 available
 Memory: 16384M
 Large Page Support: Disabled
 NUMA Support: Disabled
 Compressed Oops: Enabled (Zero based)
 Heap Region Size: 2M
 Heap Min Capacity: 8M
 Heap Initial Capacity: 256M
 Heap Max Capacity: 4G
 Pre-touch: Disabled
 Parallel Workers: 9
 Concurrent Workers: 2
 Concurrent Refinement Workers: 9
 Periodic GC: Disabled
Heap:
 garbage-first heap   total 266240K, used 86994K [0x0000000700000000, 0x0000000800000000)
  region size 2048K, 41 young (83968K), 3 survivors (6144K)
 Metaspace       used 18294K, committed 18752K, reserved 1073152K
  class space    used 2050K, committed 2240K, reserved 1048576K
GC Heap History (10 events):
Event: 0.190 GC heap before
{Heap before GC invocations=0 (full 0):
 garbage-first heap   total 266240K, used 24544K [0x0000000700000000, 0x0000000800000000)
  region size 2048K, 11 young (22528K), 0 survivors (0K)
 Metaspace       used 2972K, committed 3072K, reserved 1056768K
  class space    used 281K, committed 320K, reserved 1048576K
}
Event: 0.192 GC heap after
{Heap after GC invocations=1 (full 0):
 garbage-first heap   total 266240K, used 6487K [0x0000000700000000, 0x0000000800000000)
  region size 2048K, 2 young (4096K), 2 survivors (4096K)
 Metaspace       used 2972K, committed 3072K, reserved 1056768K
  class space    used 281K, committed 320K, reserved 1048576K
}
Event: 0.370 GC heap before
{Heap before GC invocations=1 (full 0):
 garbage-first heap   total 266240K, used 47447K [0x0000000700000000, 0x0000000800000000)
  region size 2048K, 22 young (45056K), 2 survivors (4096K)
 Metaspace       used 6419K, committed 6592K, reserved 1056768K
  class space    used 663K, committed 768K, reserved 1048576K
}
Event: 0.371 GC heap after
{Heap after GC invocations=2 (full 0):
 garbage-first heap   total 266240K, used 7122K [0x0000000700000000, 0x0000000800000000)
  region size 2048K, 1 young (2048K), 1 survivors (2048K)
 Metaspace       used 6419K, committed 6592K, reserved 1056768K
  class space    used 663K, committed 768K, reserved 1048576K
}
Event: 3.656 GC heap before
{Heap before GC invocations=2 (full 0):
 garbage-first heap   total 266240K, used 160722K [0x0000000700000000, 0x0000000800000000)
  region size 2048K, 76 young (155648K), 1 survivors (2048K)
 Metaspace       used 16135K, committed 16384K, reserved 1064960K
  class space    used 1892K, committed 1984K, reserved 1048576K
}
Event: 3.660 GC heap after
{Heap after GC invocations=3 (full 0):
 garbage-first heap   total 266240K, used 10032K [0x0000000700000000, 0x0000000800000000)
  region size 2048K, 3 young (6144K), 3 survivors (6144K)
 Metaspace       used 16135K, committed 16384K, reserved 1064960K
  class space    used 1892K, committed 1984K, reserved 1048576K
}
Event: 20.500 GC heap before
{Heap before GC invocations=3 (full 0):
 garbage-first heap   total 266240K, used 159536K [0x0000000700000000, 0x0000000800000000)
  region size 2048K, 76 young (155648K), 3 survivors (6144K)
 Metaspace       used 17494K, committed 17856K, reserved 1073152K
  class space    used 2004K, committed 2176K, reserved 1048576K
}
Event: 20.504 GC heap after
{Heap after GC invocations=4 (full 0):
 garbage-first heap   total 266240K, used 10822K [0x0000000700000000, 0x0000000800000000)
  region size 2048K, 3 young (6144K), 3 survivors (6144K)
 Metaspace       used 17494K, committed 17856K, reserved 1073152K
  class space    used 2004K, committed 2176K, reserved 1048576K
}
Event: 33.895 GC heap before
{Heap before GC invocations=4 (full 0):
 garbage-first heap   total 266240K, used 160326K [0x0000000700000000, 0x0000000800000000)
  region size 2048K, 76 young (155648K), 3 survivors (6144K)
 Metaspace       used 18160K, committed 18560K, reserved 1073152K
  class space    used 2045K, committed 2240K, reserved 1048576K
}
Event: 33.900 GC heap after
{Heap after GC invocations=5 (full 0):
 garbage-first heap   total 266240K, used 11218K [0x0000000700000000, 0x0000000800000000)
  region size 2048K, 3 young (6144K), 3 survivors (6144K)
 Metaspace       used 18160K, committed 18560K, reserved 1073152K
  class space    used 2045K, committed 2240K, reserved 1048576K
}

