# JRE version: OpenJDK Runtime Environment Temurin-19.0.2+7 (19.0.2+7) (build 19.0.2+7)
# Java VM: OpenJDK 64-Bit Server VM Temurin-19.0.2+7 (19.0.2+7, mixed mode, tiered, compressed oops, compressed class ptrs, g1 gc, bsd-aarch64)
GC Precious Log:
 CardTable entry size: 512
 Card Set container configuration: InlinePtr #cards 4 size 8 Array Of Cards #cards 32 size 80 Howl #buckets 8 coarsen threshold 7372 Howl Bitmap #cards 1024 size 144 coarsen threshold 921 Card regions per heap region 1 cards per card region 8192
 CPUs: 10 total, 10 available
 Memory: 32768M
 Large Page Support: Disabled
 NUMA Support: Disabled
 Compressed Oops: Enabled (Zero based)
 Heap Region Size: 4M
 Heap Min Capacity: 8M
 Heap Initial Capacity: 512M
 Heap Max Capacity: 8G
 Pre-touch: Disabled
 Parallel Workers: 9
 Concurrent Workers: 2
 Concurrent Refinement Workers: 9
 Periodic GC: Disabled
Heap:
 garbage-first heap   total 69632K, used 26829K [0x0000000600000000, 0x0000000800000000)
  region size 4096K, 7 young (28672K), 2 survivors (8192K)
 Metaspace       used 24661K, committed 24960K, reserved 1114112K
  class space    used 2651K, committed 2816K, reserved 1048576K
GC Heap History (6 events):
Event: 0.307 GC heap before
{Heap before GC invocations=0 (full 0):
 garbage-first heap   total 524288K, used 20480K [0x0000000600000000, 0x0000000800000000)
  region size 4096K, 6 young (24576K), 0 survivors (0K)
 Metaspace       used 14771K, committed 14976K, reserved 1114112K
  class space    used 1366K, committed 1472K, reserved 1048576K
}
Event: 0.311 GC heap after
{Heap after GC invocations=1 (full 0):
 garbage-first heap   total 524288K, used 5211K [0x0000000600000000, 0x0000000800000000)
  region size 4096K, 1 young (4096K), 1 survivors (4096K)
 Metaspace       used 14771K, committed 14976K, reserved 1114112K
  class space    used 1366K, committed 1472K, reserved 1048576K
}
Event: 0.429 GC heap before
{Heap before GC invocations=1 (full 0):
 garbage-first heap   total 524288K, used 29787K [0x0000000600000000, 0x0000000800000000)
  region size 4096K, 7 young (28672K), 1 survivors (4096K)
 Metaspace       used 17128K, committed 17344K, reserved 1114112K
  class space    used 1576K, committed 1664K, reserved 1048576K
}
Event: 0.431 GC heap after
{Heap after GC invocations=2 (full 0):
 garbage-first heap   total 524288K, used 8025K [0x0000000600000000, 0x0000000800000000)
  region size 4096K, 1 young (4096K), 1 survivors (4096K)
 Metaspace       used 17128K, committed 17344K, reserved 1114112K
  class space    used 1576K, committed 1664K, reserved 1048576K
}
Event: 0.571 GC heap before
{Heap before GC invocations=2 (full 0):
 garbage-first heap   total 524288K, used 28505K [0x0000000600000000, 0x0000000800000000)
  region size 4096K, 7 young (28672K), 1 survivors (4096K)
 Metaspace       used 21278K, committed 21504K, reserved 1114112K
  class space    used 2140K, committed 2240K, reserved 1048576K
}
Event: 0.572 GC heap after
{Heap after GC invocations=3 (full 0):
 garbage-first heap   total 524288K, used 10445K [0x0000000600000000, 0x0000000800000000)
  region size 4096K, 2 young (8192K), 2 survivors (8192K)
 Metaspace       used 21278K, committed 21504K, reserved 1114112K
  class space    used 2140K, committed 2240K, reserved 1048576K
}

